<?xml version="1.0" encoding="UTF-8"?>
<!-- Generated by org.testng.reporters.JUnitReportReporter -->
<testsuite hostname="BHAVNAWKS341" failures="0" tests="1" name="GOIS.GOIS.App" time="6.634" errors="0" timestamp="8 Oct 2018 07:25:56 GMT">
  <testcase classname="GOIS.GOIS.App" name="TestMavenJenkinsGit" time="6.634"/>
</testsuite> <!-- GOIS.GOIS.App -->
