<?xml version="1.0" encoding="UTF-8"?>
<!-- Generated by org.testng.reporters.JUnitReportReporter -->
<testsuite hostname="BHAVNAWKS341" failures="0" tests="1" name="test.Newtest" time="14.424" errors="0" timestamp="22 Aug 2018 06:04:31 GMT">
  <testcase classname="test.Newtest" name="openMyBlog" time="14.424"/>
</testsuite> <!-- test.Newtest -->
